<?xml version="1.0" encoding="UTF-8"?>
<!-- Generated by org.testng.reporters.JUnitXMLReporter -->
<testsuite hostname="SachinRoy-Asus" ignored="0" name="Default test" tests="14" failures="0" timestamp="21 Aug 2018 22:02:22 GMT" time="11.21" errors="0">
  <testcase name="getWeatherDetailsTest" time="3.63" classname="com.weatherApp.qa.restAssured.SimpleGetTest"/>
  <testcase name="getValidStatusCodeTest" time="0.509" classname="com.weatherApp.qa.restAssured.SimpleGetTest"/>
  <testcase name="getInvalidStatusCodeTest" time="0.491" classname="com.weatherApp.qa.restAssured.SimpleGetTest"/>
  <testcase name="getWeatherStatusLineTest" time="0.495" classname="com.weatherApp.qa.restAssured.SimpleGetTest"/>
  <testcase name="iteratingOverHeadersTest" time="0.552" classname="com.weatherApp.qa.restAssured.SimpleGetTest"/>
  <testcase name="getWeatherHeadersTest" time="0.549" classname="com.weatherApp.qa.restAssured.SimpleGetTest"/>
  <testcase name="getWeatherMessageBodyTest" time="0.501" classname="com.weatherApp.qa.restAssured.SimpleGetTest"/>
  <testcase name="getWeatherMessageBodyTest2" time="0.482" classname="com.weatherApp.qa.restAssured.SimpleGetTest"/>
  <testcase name="stringContainedInResponseBodyTest" time="0.456" classname="com.weatherApp.qa.restAssured.SimpleGetTest"/>
  <testcase name="stringPresenceIgnoringCasingTest" time="0.501" classname="com.weatherApp.qa.restAssured.SimpleGetTest"/>
  <testcase name="verifyCityInJsonResponseTest" time="1.301" classname="com.weatherApp.qa.restAssured.SimpleGetTest"/>
  <testcase name="displayAllNodesInWeatherAPI" time="0.739" classname="com.weatherApp.qa.restAssured.SimpleGetTest"/>
  <testcase name="RegistrationSuccessful" time="0.448" classname="com.weatherApp.qa.restAssured.SimpleGetTest"/>
  <testcase name="getInsteadOfPostTest" time="0.426" classname="com.weatherApp.qa.restAssured.SimpleGetTest"/>
</testsuite> <!-- Default test -->
